{
  "stats": {
    "suites": 1,
    "tests": 1,
    "passes": 1,
    "pending": 0,
    "failures": 0,
    "start": "2024-11-30T12:06:44.403Z",
    "end": "2024-11-30T12:07:02.766Z",
    "duration": 18363,
    "testsRegistered": 1,
    "passPercent": 100,
    "pendingPercent": 0,
    "other": 0,
    "hasOther": false,
    "skipped": 0,
    "hasSkipped": false
  },
  "results": [
    {
      "uuid": "52e5fe49-e232-4a83-ac46-08ed8fb8489f",
      "title": "",
      "fullFile": "cypress\\e2e\\1-getting-started\\POMform2.cy.js",
      "file": "cypress\\e2e\\1-getting-started\\POMform2.cy.js",
      "beforeHooks": [],
      "afterHooks": [],
      "tests": [],
      "suites": [
        {
          "uuid": "5b0cac53-030b-4058-bcd3-8d84bebce393",
          "title": "POM form 2",
          "fullFile": "",
          "file": "",
          "beforeHooks": [],
          "afterHooks": [],
          "tests": [
            {
              "title": "Reg form",
              "fullTitle": "POM form 2 Reg form",
              "timedOut": null,
              "duration": 14044,
              "state": "passed",
              "speed": "slow",
              "pass": true,
              "fail": false,
              "pending": false,
              "context": "{\n  \"title\": \"cypress-mochawesome-reporter-videos-passed\",\n  \"value\": \"cypress\\\\e2e\\\\1-getting-started\\\\POMform2.cy.js\"\n}",
              "code": "const Rf = new _RegForm.default();\nRf.visit();\nRf.fillfirstName('Soundarya');\nRf.filllastName('Subramaniyan');\nRf.selectGender('Female');\nRf.selectHobbies('Reading');\nRf.selectDepartment('Department of Engineering');\nRf.fillUsername('Soundarya');\nRf.fillPassword('password123');\nRf.fillConfirmPassword('password123');\nRf.fillEmail('Soundarya@example.com');\nRf.fillMobileNumber('916374789826');\nRf.submit();\ncy.title().should('be.equal', 'Bootstrap Template');",
              "err": {},
              "uuid": "e5c6b84c-b899-46f8-b376-f5f51ab69505",
              "parentUUID": "5b0cac53-030b-4058-bcd3-8d84bebce393",
              "isHook": false,
              "skipped": false
            }
          ],
          "suites": [],
          "passes": [
            "e5c6b84c-b899-46f8-b376-f5f51ab69505"
          ],
          "failures": [],
          "pending": [],
          "skipped": [],
          "duration": 14044,
          "root": false,
          "rootEmpty": false,
          "_timeout": 2000
        }
      ],
      "passes": [],
      "failures": [],
      "pending": [],
      "skipped": [],
      "duration": 0,
      "root": true,
      "rootEmpty": true,
      "_timeout": 2000
    }
  ],
  "meta": {
    "mocha": {
      "version": "7.0.1"
    },
    "mochawesome": {
      "options": {
        "quiet": false,
        "reportFilename": "mochawesome",
        "saveHtml": true,
        "saveJson": true,
        "consoleReporter": "spec",
        "useInlineDiffs": false,
        "code": true
      },
      "version": "7.1.3"
    },
    "marge": {
      "options": {
        "reportDir": "cypress/reports",
        "overwrite": false,
        "html": true,
        "json": true
      },
      "version": "6.2.0"
    }
  }
}