{
  "stats": {
    "suites": 1,
    "tests": 1,
    "passes": 1,
    "pending": 0,
    "failures": 0,
    "start": "2024-11-30T12:05:03.206Z",
    "end": "2024-11-30T12:05:19.975Z",
    "duration": 16769,
    "testsRegistered": 1,
    "passPercent": 100,
    "pendingPercent": 0,
    "other": 0,
    "hasOther": false,
    "skipped": 0,
    "hasSkipped": false
  },
  "results": [
    {
      "uuid": "de37db9b-c29a-4496-b1aa-dcab47bb3ee2",
      "title": "",
      "fullFile": "cypress\\e2e\\1-getting-started\\Fixturesform2.cy.js",
      "file": "cypress\\e2e\\1-getting-started\\Fixturesform2.cy.js",
      "beforeHooks": [],
      "afterHooks": [],
      "tests": [],
      "suites": [
        {
          "uuid": "9defb694-9623-47c9-8f6e-71f16cfeea5c",
          "title": "Registration Form Test",
          "fullFile": "",
          "file": "",
          "beforeHooks": [],
          "afterHooks": [],
          "tests": [
            {
              "title": "Fill and Submit the Registration Form",
              "fullTitle": "Registration Form Test Fill and Submit the Registration Form",
              "timedOut": null,
              "duration": 10129,
              "state": "passed",
              "speed": "slow",
              "pass": true,
              "fail": false,
              "pending": false,
              "context": "{\n  \"title\": \"cypress-mochawesome-reporter-videos-passed\",\n  \"value\": \"cypress\\\\e2e\\\\1-getting-started\\\\Fixturesform2.cy.js\"\n}",
              "code": "cy.visit(\"https://mytestingthoughts.com/Sample/home.html\");\n// Fill out the form using data from the fixture\ncy.get(\"input[placeholder='First Name']\").type(this.data.registrationData.firstName); // Select first name\ncy.get(\"input[placeholder='Last Name']\").type(this.data.registrationData.lastName); //Select last name\ncy.get(`input[type='radio'][value='${this.data.registrationData.gender}']`).check(); // Select gender\ncy.get('.selectContainer > .input-group > .form-control').select(this.data.registrationData.department); // Select department\n// Select hobbies\nthis.data.registrationData.hobbies.forEach(hobby => {\n  cy.get('#exampleFormControlSelect2').select(hobby).should(\"contain.text\", hobby);\n});\ncy.get(\"input[placeholder='Username']\").type(this.data.registrationData.username);\ncy.get(\"input[placeholder='Password']\").type(this.data.registrationData.password);\ncy.get(\"input[placeholder='Confirm Password']\").type(this.data.registrationData.confirmPassword);\ncy.get(\"input[placeholder='E-Mail Address']\").type(this.data.registrationData.email);\ncy.get(\"input[placeholder='(639)']\").type(this.data.registrationData.contactNo);\ncy.get(\"textarea\").type(this.data.registrationData.additionalInfo);\n// Submit the form\ncy.get(\"button[type='submit']\").click();",
              "err": {},
              "uuid": "0b85ea1d-e07d-40db-a7e7-9da22ead44b5",
              "parentUUID": "9defb694-9623-47c9-8f6e-71f16cfeea5c",
              "isHook": false,
              "skipped": false
            }
          ],
          "suites": [],
          "passes": [
            "0b85ea1d-e07d-40db-a7e7-9da22ead44b5"
          ],
          "failures": [],
          "pending": [],
          "skipped": [],
          "duration": 10129,
          "root": false,
          "rootEmpty": false,
          "_timeout": 2000
        }
      ],
      "passes": [],
      "failures": [],
      "pending": [],
      "skipped": [],
      "duration": 0,
      "root": true,
      "rootEmpty": true,
      "_timeout": 2000
    }
  ],
  "meta": {
    "mocha": {
      "version": "7.0.1"
    },
    "mochawesome": {
      "options": {
        "quiet": false,
        "reportFilename": "mochawesome",
        "saveHtml": true,
        "saveJson": true,
        "consoleReporter": "spec",
        "useInlineDiffs": false,
        "code": true
      },
      "version": "7.1.3"
    },
    "marge": {
      "options": {
        "reportDir": "cypress/reports",
        "overwrite": false,
        "html": true,
        "json": true
      },
      "version": "6.2.0"
    }
  }
}