{
  "stats": {
    "suites": 1,
    "tests": 1,
    "passes": 0,
    "pending": 0,
    "failures": 1,
    "start": "2024-11-30T12:07:13.867Z",
    "end": "2024-11-30T12:07:38.689Z",
    "duration": 24822,
    "testsRegistered": 1,
    "passPercent": 0,
    "pendingPercent": 0,
    "other": 0,
    "hasOther": false,
    "skipped": 0,
    "hasSkipped": false
  },
  "results": [
    {
      "uuid": "03fdb7e4-fd17-408d-a9c3-e3486c41a1a5",
      "title": "",
      "fullFile": "cypress\\e2e\\1-getting-started\\QAoncloud.cy.js",
      "file": "cypress\\e2e\\1-getting-started\\QAoncloud.cy.js",
      "beforeHooks": [],
      "afterHooks": [],
      "tests": [],
      "suites": [
        {
          "uuid": "dfe5417e-e995-4b31-bbff-a89457bca14c",
          "title": "Qaoncloud website",
          "fullFile": "",
          "file": "",
          "beforeHooks": [],
          "afterHooks": [],
          "tests": [
            {
              "title": "Header",
              "fullTitle": "Qaoncloud website Header",
              "timedOut": null,
              "duration": 20814,
              "state": "failed",
              "speed": null,
              "pass": false,
              "fail": true,
              "pending": false,
              "context": "[\n  {\n    \"title\": \"cypress-mochawesome-reporter-videos-failed\",\n    \"value\": \"cypress\\\\e2e\\\\1-getting-started\\\\QAoncloud.cy.js\"\n  },\n  {\n    \"title\": \"cypress-mochawesome-reporter-screenshots\",\n    \"value\": [\n      [\n        \"\\\\QAoncloud.cy.js\\\\Qaoncloud website -- Header (failed).png\"\n      ]\n    ]\n  }\n]",
              "code": "cy.visit('https://www.qaoncloud.com/');\ncy.title().should(\"be.eq\", \"QA Testing Services | Software Testing Services - QAonCloud\"); //title\ncy.get(\"img[title='QAonCloud Logo']\").should('be.visible'); //logo\ncy.get(\".hs-poly-svg[viewBox='0 0 1920 1080']\").should('be.visible'); //initial banner kind of image\n//our global presence\ncy.get(\".hotspot-content-overlay\").should('be.visible');\ncy.get('#pin646f8c71dffdc190aade > .pin-loop-inner > .pin-loop-content > .pin-icon').trigger('mouseover'); //venze\ncy.get('#pin646f8c71e055d83fd828 > .pin-loop-inner > .pin-loop-content > .pin-icon').trigger('mouseover'); //at&t\ncy.get('#pin_fora > .pin-loop-inner > .pin-loop-content > .pin-icon').trigger('mouseover'); //Fora\ncy.get('#pin646f8c71e02f91a7121e > .pin-loop-inner > .pin-loop-content > .pin-icon').trigger('mouseover'); //Notabene\ncy.get('#pin646f8c71e0c7144bcbb3 > .pin-loop-inner > .pin-loop-content > .pin-icon').trigger('mouseover'); //sourcewhale\ncy.get('#pin646f8c71e07c407e9228 > .pin-loop-inner > .pin-loop-content > .pin-icon').trigger('mouseover'); //prompto\ncy.get('#pin646f8c71e0a25d406616 > .pin-loop-inner > .pin-loop-content > .pin-icon').trigger('mouseover'); //netzo\ncy.get('#pin646f8c71e1101a931b93 > .pin-loop-inner > .pin-loop-content > .pin-icon').trigger('mouseover'); //Avanti\ncy.get('#pin646f8c71e134934f87f2 > .pin-loop-inner > .pin-loop-content > .pin-icon').trigger('mouseover'); //doxa\ncy.get('#pin646f8c71e1596e78d4ca > .pin-loop-inner > .pin-loop-content > .pin-icon').trigger('mouseover'); //IQ Hive\n//SERVICES\ncy.get('.elementor-element-515eabd > .elementor-container > .elementor-column > .elementor-widget-wrap > .elementor-element > .elementor-widget-container > .elementor-heading-title').should(\"have.text\", \"SERVICES\");\ncy.get('#rect-5447').click().go('back'); //functional testing\ncy.get('#rect-4956').click().go('back'); //regression testing\ncy.get('#rect-4532').click().go('back'); //automation testing\ncy.get('#rect-3535').click().go('back'); //security testing\ncy.get('#rect-219').click().go('back'); //agile testing\ncy.get('#rect-474').click().go('back'); //api testing\n//SOLUTIONS\ncy.get('.elementor-element-7714daf > .elementor-container > .elementor-column > .elementor-widget-wrap > .elementor-element > .elementor-widget-container > .elementor-heading-title').should('have.text', 'SOLUTIONS');\ncy.get('#rect-9608').click().go('back'); // Mobile app\ncy.get('#rect-9608').click().go('back'); //cross browser\ncy.get('#rect-8002').click().go('back'); //web app\ncy.get('#rect-8187').click().go('back'); //smart tv app\ncy.get('#rect-8089').click().go('back'); //cross platform \ncy.get('#rect-6484').click().go('back'); //game testing  \n//INDUSTRIES SERVED\ncy.get('.main-heading').should('have.text', 'Industries Served');\ncy.get('.elementor-element-5447bdde > .elementor-widget-wrap > .elementor-element > .elementor-widget-container > .ot-button > .octf-btn').click().go('back'); //view more\n//Banner\ncy.get('.elementor-element-717394c > .elementor-background-overlay').should('be.visible');\n//Build your own app\ncy.get('.elementor-element-3cd64ed > .elementor-container').should('be.visible');\n//We Love To Help Craft Quality Software\ncy.get('.elementor-element-e98bb3e > .elementor-container > .elementor-column > .elementor-widget-wrap > .elementor-element > .elementor-widget-container > .elementor-heading-title').should('have.text', 'We Love To Help Craft Quality Software');\n//Want To Know More About QAonCloud?\ncy.get('.elementor-element-330048a > .elementor-widget-container > .elementor-heading-title').should('have.text', 'Want To Know More About QAonCloud?');\ncy.get('.elementor-element-e1d6dff > .elementor-widget-container > .ot-button > .octf-btn').click(); //talk to an expert\ncy.get('#navbarDropdown1').click(); //Services\ncy.get('#navbarDropdown2').click(); //Solutions\ncy.get('#navbarDropdown3').click(); //Industries\ncy.get('#navbarDropdown4').click(); //Insights\n// Under Insights\ncy.get(':nth-child(4) > .dropdown-menu > :nth-child(1) > ul > :nth-child(1) > .dropdown-item').click().go('back'); // Blogs\ncy.get('#navbarDropdown4').click().get(':nth-child(4) > .dropdown-menu > :nth-child(1) > ul > :nth-child(2) > .dropdown-item').click().go('back'); // Case studies\ncy.get('#navbarDropdown4').click().get(':nth-child(4) > .dropdown-menu > :nth-child(1) > ul > :nth-child(3) > .dropdown-item').click().go('back'); // FAQs\ncy.get('#navbarDropdown4').click().get(':nth-child(4) > .dropdown-menu > :nth-child(1) > ul > :nth-child(4) > .dropdown-item').click().go('back'); // Testimonials\n//Contact Us\ncy.get('[data-aos=\"fade-left\"] > .text-center').should('have.text', 'Contact Us');\ncy.get('form > [name=\"name\"]').type('Soundarya');\ncy.get('form > [name=\"email\"]').type('soundarya@email.com');\ncy.get('form > .onlyNumber').type('1234567891');\ncy.get('form > [name=\"companyname\"]').type('Desicrew');\ncy.get('form > [name=\"role\"]').type('Junior QA');\ncy.get('form > textarea.form-control').type('-');\ncy.get('.contact-send > .btn').click();\n//Footer page\ncy.get('form > textarea.form-control').should('be.visible');\ncy.get(':nth-child(1) > .footer-list > .text-center').should('be.visible'); //Company\ncy.get('.footer > .container > .row > :nth-child(1)').should('be.visible'); //Details below company\ncy.get(':nth-child(2) > .footer-list > .text-center').should('be.visible'); //Quick links\ncy.get('.footer > .container > .row > :nth-child(2)').should('be.visible'); //Details below Quick links\ncy.get(':nth-child(3) > .footer-list > .text-center').should('be.visible'); //Support\ncy.get('.container > .row > :nth-child(3)').should('be.visible'); //Details below Support\ncy.get(':nth-child(4) > .footer-list > .text-center').should('be.visible'); //Policies\ncy.get('.container > .row > :nth-child(4)').should('be.visible'); //Details below Policies\ncy.get('.container > span').should('be.visible'); //copyrights\ncy.get('[style=\"color:white; font-size: 10px;\"]').should('be.visible'); //Unit name\ncy.get('.d-flex').should('be.visible'); //Social media icons",
              "err": {
                "message": "CypressError: Timed out retrying after 4000ms: `cy.trigger()` failed because this element:\n\n`<img width=\"765\" height=\"689\" src=\"https://www.qaoncloud.com/public/assets/wp/wp-content/uploads/2022/11/Promto-1-2.png\" class=\"pin-icon pin-normal-icon\" alt=\"\" decoding=\"async\" loading=\"lazy\" srcset=\"https://www.qaoncloud.com/public/assets/wp/wp-content/uploads/2022/11/Promto-1-2.png 765w, https://www.qaoncloud.com/public/assets/wp/wp-content/uploads/2022/11/Promto-1-2-300x270.png 300w\" sizes=\"(max-width: 765px) 100vw, 765px\">`\n\nis being covered by another element:\n\n`<div class=\"elementor-container elementor-column-gap-default\">...</div>`\n\nFix this problem, or use {force: true} to disable error checking.\n\nhttps://on.cypress.io/element-cannot-be-interacted-with",
                "estack": "CypressError: Timed out retrying after 4000ms: `cy.trigger()` failed because this element:\n\n`<img width=\"765\" height=\"689\" src=\"https://www.qaoncloud.com/public/assets/wp/wp-content/uploads/2022/11/Promto-1-2.png\" class=\"pin-icon pin-normal-icon\" alt=\"\" decoding=\"async\" loading=\"lazy\" srcset=\"https://www.qaoncloud.com/public/assets/wp/wp-content/uploads/2022/11/Promto-1-2.png 765w, https://www.qaoncloud.com/public/assets/wp/wp-content/uploads/2022/11/Promto-1-2-300x270.png 300w\" sizes=\"(max-width: 765px) 100vw, 765px\">`\n\nis being covered by another element:\n\n`<div class=\"elementor-container elementor-column-gap-default\">...</div>`\n\nFix this problem, or use {force: true} to disable error checking.\n\nhttps://on.cypress.io/element-cannot-be-interacted-with\n    at ensureIsDescendent (https://www.qaoncloud.com/__cypress/runner/cypress_runner.js:111849:68)\n    at ensureDescendents (https://www.qaoncloud.com/__cypress/runner/cypress_runner.js:111900:5)\n    at ensureDescendentsAndScroll (https://www.qaoncloud.com/__cypress/runner/cypress_runner.js:111906:14)\n    at ensureElIsNotCovered (https://www.qaoncloud.com/__cypress/runner/cypress_runner.js:112037:5)\n    at runAllChecks (https://www.qaoncloud.com/__cypress/runner/cypress_runner.js:112217:52)\n    at retryActionability (https://www.qaoncloud.com/__cypress/runner/cypress_runner.js:112254:16)\n    at tryCatcher (https://www.qaoncloud.com/__cypress/runner/cypress_runner.js:1807:23)\n    at Promise.attempt.Promise.try (https://www.qaoncloud.com/__cypress/runner/cypress_runner.js:4315:29)\n    at whenStable (https://www.qaoncloud.com/__cypress/runner/cypress_runner.js:143192:68)\n    at <unknown> (https://www.qaoncloud.com/__cypress/runner/cypress_runner.js:143133:14)\n    at tryCatcher (https://www.qaoncloud.com/__cypress/runner/cypress_runner.js:1807:23)\n    at Promise._settlePromiseFromHandler (https://www.qaoncloud.com/__cypress/runner/cypress_runner.js:1519:31)\n    at Promise._settlePromise (https://www.qaoncloud.com/__cypress/runner/cypress_runner.js:1576:18)\n    at Promise._settlePromise0 (https://www.qaoncloud.com/__cypress/runner/cypress_runner.js:1621:10)\n    at Promise._settlePromises (https://www.qaoncloud.com/__cypress/runner/cypress_runner.js:1701:18)\n    at Promise._fulfill (https://www.qaoncloud.com/__cypress/runner/cypress_runner.js:1645:18)\n    at <unknown> (https://www.qaoncloud.com/__cypress/runner/cypress_runner.js:5450:46)\nFrom Your Spec Code:\n    at Context.eval (webpack://cypress-automation/./cypress/e2e/1-getting-started/QAoncloud.cy.js:23:93)",
                "diff": null
              },
              "uuid": "28ec11a8-5433-4d92-9d44-7230c4651aba",
              "parentUUID": "dfe5417e-e995-4b31-bbff-a89457bca14c",
              "isHook": false,
              "skipped": false
            }
          ],
          "suites": [],
          "passes": [],
          "failures": [
            "28ec11a8-5433-4d92-9d44-7230c4651aba"
          ],
          "pending": [],
          "skipped": [],
          "duration": 20814,
          "root": false,
          "rootEmpty": false,
          "_timeout": 2000
        }
      ],
      "passes": [],
      "failures": [],
      "pending": [],
      "skipped": [],
      "duration": 0,
      "root": true,
      "rootEmpty": true,
      "_timeout": 2000
    }
  ],
  "meta": {
    "mocha": {
      "version": "7.0.1"
    },
    "mochawesome": {
      "options": {
        "quiet": false,
        "reportFilename": "mochawesome",
        "saveHtml": true,
        "saveJson": true,
        "consoleReporter": "spec",
        "useInlineDiffs": false,
        "code": true
      },
      "version": "7.1.3"
    },
    "marge": {
      "options": {
        "reportDir": "cypress/reports",
        "overwrite": false,
        "html": true,
        "json": true
      },
      "version": "6.2.0"
    }
  }
}