{
  "stats": {
    "suites": 1,
    "tests": 3,
    "passes": 3,
    "pending": 0,
    "failures": 0,
    "start": "2024-11-30T12:05:39.866Z",
    "end": "2024-11-30T12:06:06.191Z",
    "duration": 26325,
    "testsRegistered": 3,
    "passPercent": 100,
    "pendingPercent": 0,
    "other": 0,
    "hasOther": false,
    "skipped": 0,
    "hasSkipped": false
  },
  "results": [
    {
      "uuid": "9be07393-48a1-4b3c-b38b-079ea8e782f2",
      "title": "",
      "fullFile": "cypress\\e2e\\1-getting-started\\Locators.cy.js",
      "file": "cypress\\e2e\\1-getting-started\\Locators.cy.js",
      "beforeHooks": [],
      "afterHooks": [],
      "tests": [],
      "suites": [
        {
          "uuid": "8e4a33bd-c9d7-4d15-9397-d89625360ceb",
          "title": "Locators",
          "fullFile": "",
          "file": "",
          "beforeHooks": [],
          "afterHooks": [],
          "tests": [
            {
              "title": "CSS Selector",
              "fullTitle": "Locators CSS Selector",
              "timedOut": null,
              "duration": 6414,
              "state": "passed",
              "speed": "medium",
              "pass": true,
              "fail": false,
              "pending": false,
              "context": "{\n  \"title\": \"cypress-mochawesome-reporter-videos-passed\",\n  \"value\": \"cypress\\\\e2e\\\\1-getting-started\\\\Locators.cy.js\"\n}",
              "code": "cy.visit('https://testautomationpractice.blogspot.com/');\ncy.get('#Wikipedia1_wikipedia-search-input').type('Cypress'); //used id #\ncy.get(\"input[type='submit']\").click(); //used attribute\ncy.get('body > div:nth-child(4) > div:nth-child(2) > div:nth-child(2) > div:nth-child(2) > div:nth-child(3) > div:nth-child(2) > div:nth-child(2) > div:nth-child(1) > div:nth-child(4) > div:nth-child(3) > div:nth-child(1) > aside:nth-child(1) > div:nth-child(1) > div:nth-child(1) > div:nth-child(2) > div:nth-child(3) > div:nth-child(1) > a:nth-child(1)').contains('Cypress'); //contain is assertion, used class .",
              "err": {},
              "uuid": "87980db1-9152-442a-81bb-7abb8d0141e4",
              "parentUUID": "8e4a33bd-c9d7-4d15-9397-d89625360ceb",
              "isHook": false,
              "skipped": false
            },
            {
              "title": "Xpath Locator",
              "fullTitle": "Locators Xpath Locator",
              "timedOut": null,
              "duration": 6560,
              "state": "passed",
              "speed": "medium",
              "pass": true,
              "fail": false,
              "pending": false,
              "context": "{\n  \"title\": \"cypress-mochawesome-reporter-videos-passed\",\n  \"value\": \"cypress\\\\e2e\\\\1-getting-started\\\\Locators.cy.js\"\n}",
              "code": "//number of option available for cypress sreach keyword\ncy.visit('https://testautomationpractice.blogspot.com/');\ncy.xpath(\"//input[@id='Wikipedia1_wikipedia-search-input']\").type('Cypress');\ncy.xpath(\"//input[@type='submit']\").click();\ncy.xpath(\"//div[@id='Wikipedia1_wikipedia-search-results']/div\").should('have.length', 5);",
              "err": {},
              "uuid": "56496813-56cb-4521-870b-2cf636fbca7e",
              "parentUUID": "8e4a33bd-c9d7-4d15-9397-d89625360ceb",
              "isHook": false,
              "skipped": false
            },
            {
              "title": "Chained Xpath",
              "fullTitle": "Locators Chained Xpath",
              "timedOut": null,
              "duration": 9199,
              "state": "passed",
              "speed": "medium",
              "pass": true,
              "fail": false,
              "pending": false,
              "context": "{\n  \"title\": \"cypress-mochawesome-reporter-videos-passed\",\n  \"value\": \"cypress\\\\e2e\\\\1-getting-started\\\\Locators.cy.js\"\n}",
              "code": "//number of option available for cypress sreach keyword\ncy.visit('https://testautomationpractice.blogspot.com/');\ncy.xpath(\"//input[@id='Wikipedia1_wikipedia-search-input']\").type('Cypress');\ncy.xpath(\"//input[@type='submit']\").click();\ncy.xpath(\"//div[@id='Wikipedia1_wikipedia-search-results']\").xpath('./div').should('have.length', 5);",
              "err": {},
              "uuid": "439873e7-6ee1-4cc9-b6c3-96cfea49f685",
              "parentUUID": "8e4a33bd-c9d7-4d15-9397-d89625360ceb",
              "isHook": false,
              "skipped": false
            }
          ],
          "suites": [],
          "passes": [
            "87980db1-9152-442a-81bb-7abb8d0141e4",
            "56496813-56cb-4521-870b-2cf636fbca7e",
            "439873e7-6ee1-4cc9-b6c3-96cfea49f685"
          ],
          "failures": [],
          "pending": [],
          "skipped": [],
          "duration": 22173,
          "root": false,
          "rootEmpty": false,
          "_timeout": 2000
        }
      ],
      "passes": [],
      "failures": [],
      "pending": [],
      "skipped": [],
      "duration": 0,
      "root": true,
      "rootEmpty": true,
      "_timeout": 2000
    }
  ],
  "meta": {
    "mocha": {
      "version": "7.0.1"
    },
    "mochawesome": {
      "options": {
        "quiet": false,
        "reportFilename": "mochawesome",
        "saveHtml": true,
        "saveJson": true,
        "consoleReporter": "spec",
        "useInlineDiffs": false,
        "code": true
      },
      "version": "7.1.3"
    },
    "marge": {
      "options": {
        "reportDir": "cypress/reports",
        "overwrite": false,
        "html": true,
        "json": true
      },
      "version": "6.2.0"
    }
  }
}