{
  "stats": {
    "suites": 1,
    "tests": 3,
    "passes": 3,
    "pending": 0,
    "failures": 0,
    "start": "2024-11-30T11:40:44.759Z",
    "end": "2024-11-30T11:40:44.891Z",
    "duration": 132,
    "testsRegistered": 3,
    "passPercent": 100,
    "pendingPercent": 0,
    "other": 0,
    "hasOther": false,
    "skipped": 0,
    "hasSkipped": false
  },
  "results": [
    {
      "uuid": "9767c3cd-9bb2-4d4a-8e98-9b13fbb6567b",
      "title": "",
      "fullFile": "cypress\\e2e\\1-getting-started\\Hooks.cy.js",
      "file": "cypress\\e2e\\1-getting-started\\Hooks.cy.js",
      "beforeHooks": [],
      "afterHooks": [],
      "tests": [],
      "suites": [
        {
          "uuid": "0f89c986-ee33-4b79-adbd-42525a0ba508",
          "title": "Hooks",
          "fullFile": "",
          "file": "",
          "beforeHooks": [],
          "afterHooks": [],
          "tests": [
            {
              "title": "Search",
              "fullTitle": "Hooks Search",
              "timedOut": null,
              "duration": 50,
              "state": "passed",
              "speed": "fast",
              "pass": true,
              "fail": false,
              "pending": false,
              "context": "{\n  \"title\": \"cypress-mochawesome-reporter-videos-passed\",\n  \"value\": \"cypress\\\\e2e\\\\1-getting-started\\\\Hooks.cy.js\"\n}",
              "code": "cy.log(\"***  Searching  ***\");",
              "err": {},
              "uuid": "b4c153a9-b9c0-4298-9880-a6f067bd148f",
              "parentUUID": "0f89c986-ee33-4b79-adbd-42525a0ba508",
              "isHook": false,
              "skipped": false
            },
            {
              "title": "Advanced Search",
              "fullTitle": "Hooks Advanced Search",
              "timedOut": null,
              "duration": 27,
              "state": "passed",
              "speed": "fast",
              "pass": true,
              "fail": false,
              "pending": false,
              "context": "{\n  \"title\": \"cypress-mochawesome-reporter-videos-passed\",\n  \"value\": \"cypress\\\\e2e\\\\1-getting-started\\\\Hooks.cy.js\"\n}",
              "code": "cy.log(\"*** Advanced Searching  ***\");",
              "err": {},
              "uuid": "02ab64fb-29f7-4be8-809c-73080e5cf710",
              "parentUUID": "0f89c986-ee33-4b79-adbd-42525a0ba508",
              "isHook": false,
              "skipped": false
            },
            {
              "title": "Listing products",
              "fullTitle": "Hooks Listing products",
              "timedOut": null,
              "duration": 30,
              "state": "passed",
              "speed": "fast",
              "pass": true,
              "fail": false,
              "pending": false,
              "context": "{\n  \"title\": \"cypress-mochawesome-reporter-videos-passed\",\n  \"value\": \"cypress\\\\e2e\\\\1-getting-started\\\\Hooks.cy.js\"\n}",
              "code": "cy.log(\"***  Listing products  ***\");",
              "err": {},
              "uuid": "661c37bb-d513-4030-b925-12a738213516",
              "parentUUID": "0f89c986-ee33-4b79-adbd-42525a0ba508",
              "isHook": false,
              "skipped": false
            }
          ],
          "suites": [],
          "passes": [
            "b4c153a9-b9c0-4298-9880-a6f067bd148f",
            "02ab64fb-29f7-4be8-809c-73080e5cf710",
            "661c37bb-d513-4030-b925-12a738213516"
          ],
          "failures": [],
          "pending": [],
          "skipped": [],
          "duration": 107,
          "root": false,
          "rootEmpty": false,
          "_timeout": 2000
        }
      ],
      "passes": [],
      "failures": [],
      "pending": [],
      "skipped": [],
      "duration": 0,
      "root": true,
      "rootEmpty": true,
      "_timeout": 2000
    }
  ],
  "meta": {
    "mocha": {
      "version": "7.0.1"
    },
    "mochawesome": {
      "options": {
        "quiet": false,
        "reportFilename": "mochawesome",
        "saveHtml": true,
        "saveJson": true,
        "consoleReporter": "spec",
        "useInlineDiffs": false,
        "code": true
      },
      "version": "7.1.3"
    },
    "marge": {
      "options": {
        "reportDir": "cypress/reports",
        "overwrite": false,
        "html": true,
        "json": true
      },
      "version": "6.2.0"
    }
  }
}