{
  "stats": {
    "suites": 1,
    "tests": 1,
    "passes": 1,
    "pending": 0,
    "failures": 0,
    "start": "2024-11-30T12:06:18.951Z",
    "end": "2024-11-30T12:06:31.450Z",
    "duration": 12499,
    "testsRegistered": 1,
    "passPercent": 100,
    "pendingPercent": 0,
    "other": 0,
    "hasOther": false,
    "skipped": 0,
    "hasSkipped": false
  },
  "results": [
    {
      "uuid": "44f0880d-4864-4d3e-a25e-45d821fa451f",
      "title": "",
      "fullFile": "cypress\\e2e\\1-getting-started\\POMform1.cy.js",
      "file": "cypress\\e2e\\1-getting-started\\POMform1.cy.js",
      "beforeHooks": [],
      "afterHooks": [],
      "tests": [],
      "suites": [
        {
          "uuid": "1cb2d434-376f-48ef-8ef9-de1222e54a41",
          "title": "POM form 1",
          "fullFile": "",
          "file": "",
          "beforeHooks": [],
          "afterHooks": [],
          "tests": [
            {
              "title": "Reg Page",
              "fullTitle": "POM form 1 Reg Page",
              "timedOut": null,
              "duration": 7334,
              "state": "passed",
              "speed": "medium",
              "pass": true,
              "fail": false,
              "pending": false,
              "context": "{\n  \"title\": \"cypress-mochawesome-reporter-videos-passed\",\n  \"value\": \"cypress\\\\e2e\\\\1-getting-started\\\\POMform1.cy.js\"\n}",
              "code": "const Rp = new _RegPage.default();\nRp.visit();\nRp.fillfirstName('Soundarya');\nRp.filllastname('S');\nRp.fillusername('Soundarya_05');\nRp.fillpassword('password123');\nRp.register();\ncy.title().should('be.equal', 'Selenium Practice - Register');",
              "err": {},
              "uuid": "fdd6ed8e-4994-4498-943f-ca80ac576963",
              "parentUUID": "1cb2d434-376f-48ef-8ef9-de1222e54a41",
              "isHook": false,
              "skipped": false
            }
          ],
          "suites": [],
          "passes": [
            "fdd6ed8e-4994-4498-943f-ca80ac576963"
          ],
          "failures": [],
          "pending": [],
          "skipped": [],
          "duration": 7334,
          "root": false,
          "rootEmpty": false,
          "_timeout": 2000
        }
      ],
      "passes": [],
      "failures": [],
      "pending": [],
      "skipped": [],
      "duration": 0,
      "root": true,
      "rootEmpty": true,
      "_timeout": 2000
    }
  ],
  "meta": {
    "mocha": {
      "version": "7.0.1"
    },
    "mochawesome": {
      "options": {
        "quiet": false,
        "reportFilename": "mochawesome",
        "saveHtml": true,
        "saveJson": true,
        "consoleReporter": "spec",
        "useInlineDiffs": false,
        "code": true
      },
      "version": "7.1.3"
    },
    "marge": {
      "options": {
        "reportDir": "cypress/reports",
        "overwrite": false,
        "html": true,
        "json": true
      },
      "version": "6.2.0"
    }
  }
}